<?xml version="1.0" encoding="UTF-8"?>
<coverage generated="1598471115785" clover="3.2.0">
  <project timestamp="1598471115785" name="All files">
    <metrics statements="7" coveredstatements="6" conditionals="0" coveredconditionals="0" methods="5" coveredmethods="2" elements="12" coveredelements="8" complexity="0" loc="7" ncloc="7" packages="1" files="2" classes="2"/>
    <file name="index.js" path="/mnt/d/study-projects/development-utils-poc/unit-tests/index.js">
      <metrics statements="4" coveredstatements="4" conditionals="0" coveredconditionals="0" methods="3" coveredmethods="1"/>
      <line num="1" count="1" type="stmt"/>
      <line num="4" count="1" type="stmt"/>
      <line num="6" count="1" type="stmt"/>
      <line num="8" count="1" type="stmt"/>
    </file>
    <file name="math.js" path="/mnt/d/study-projects/development-utils-poc/unit-tests/math.js">
      <metrics statements="3" coveredstatements="2" conditionals="0" coveredconditionals="0" methods="2" coveredmethods="1"/>
      <line num="1" count="1" type="stmt"/>
      <line num="2" count="1" type="stmt"/>
      <line num="3" count="0" type="stmt"/>
    </file>
  </project>
</coverage>
